{"/Users/Hamza/Workspace/camp2_exercises/03_backend_developement/10_promises/01_node_fetch/node_fetch.js": {"path":"/Users/Hamza/Workspace/camp2_exercises/03_backend_developement/10_promises/01_node_fetch/node_fetch.js","statementMap":{"0":{"start":{"line":1,"column":14},"end":{"line":1,"column":35}},"1":{"start":{"line":6,"column":2},"end":{"line":17,"column":7}},"2":{"start":{"line":10,"column":24},"end":{"line":10,"column":39}},"3":{"start":{"line":12,"column":6},"end":{"line":12,"column":26}},"4":{"start":{"line":16,"column":6},"end":{"line":16,"column":26}},"5":{"start":{"line":24,"column":2},"end":{"line":44,"column":7}},"6":{"start":{"line":28,"column":24},"end":{"line":28,"column":39}},"7":{"start":{"line":30,"column":6},"end":{"line":36,"column":8}},"8":{"start":{"line":39,"column":6},"end":{"line":39,"column":42}},"9":{"start":{"line":40,"column":6},"end":{"line":40,"column":21}},"10":{"start":{"line":43,"column":6},"end":{"line":43,"column":26}},"11":{"start":{"line":49,"column":0},"end":{"line":52,"column":2}},"12":{"start":{"line":55,"column":0},"end":{"line":55,"column":52}}},"fnMap":{"0":{"name":"getBrandTitle","decl":{"start":{"line":4,"column":9},"end":{"line":4,"column":22}},"loc":{"start":{"line":4,"column":31},"end":{"line":19,"column":1}},"line":4},"1":{"name":"(anonymous_1)","decl":{"start":{"line":10,"column":10},"end":{"line":10,"column":11}},"loc":{"start":{"line":10,"column":24},"end":{"line":10,"column":39}},"line":10},"2":{"name":"(anonymous_2)","decl":{"start":{"line":11,"column":10},"end":{"line":11,"column":11}},"loc":{"start":{"line":11,"column":22},"end":{"line":13,"column":5}},"line":11},"3":{"name":"(anonymous_3)","decl":{"start":{"line":15,"column":11},"end":{"line":15,"column":12}},"loc":{"start":{"line":15,"column":22},"end":{"line":17,"column":5}},"line":15},"4":{"name":"getAProduct","decl":{"start":{"line":22,"column":9},"end":{"line":22,"column":20}},"loc":{"start":{"line":22,"column":24},"end":{"line":47,"column":1}},"line":22},"5":{"name":"(anonymous_5)","decl":{"start":{"line":28,"column":10},"end":{"line":28,"column":11}},"loc":{"start":{"line":28,"column":24},"end":{"line":28,"column":39}},"line":28},"6":{"name":"(anonymous_6)","decl":{"start":{"line":29,"column":10},"end":{"line":29,"column":11}},"loc":{"start":{"line":29,"column":22},"end":{"line":37,"column":5}},"line":29},"7":{"name":"(anonymous_7)","decl":{"start":{"line":38,"column":10},"end":{"line":38,"column":11}},"loc":{"start":{"line":38,"column":23},"end":{"line":41,"column":5}},"line":38},"8":{"name":"(anonymous_8)","decl":{"start":{"line":42,"column":11},"end":{"line":42,"column":12}},"loc":{"start":{"line":42,"column":22},"end":{"line":44,"column":5}},"line":42}},"branchMap":{},"s":{"0":1,"1":3,"2":3,"3":3,"4":0,"5":3,"6":3,"7":3,"8":3,"9":3,"10":0,"11":1,"12":1},"f":{"0":3,"1":3,"2":3,"3":0,"4":3,"5":3,"6":3,"7":3,"8":0},"b":{},"_coverageSchema":"332fd63041d2c1bcb487cc26dd0d5f7d97098a6c","hash":"ac4ae4b78a13cfa4234c6d0bfd6fa242bbc7c30c"}
}
