TN:
SF:/Users/Hamza/Workspace/camp2_exercises/03_backend_developement/10_promises/01_node_fetch/node_fetch.js
FN:4,getBrandTitle
FN:10,(anonymous_1)
FN:11,(anonymous_2)
FN:15,(anonymous_3)
FN:22,getAProduct
FN:28,(anonymous_5)
FN:29,(anonymous_6)
FN:38,(anonymous_7)
FN:42,(anonymous_8)
FNF:9
FNH:7
FNDA:3,getBrandTitle
FNDA:3,(anonymous_1)
FNDA:3,(anonymous_2)
FNDA:0,(anonymous_3)
FNDA:3,getAProduct
FNDA:3,(anonymous_5)
FNDA:3,(anonymous_6)
FNDA:3,(anonymous_7)
FNDA:0,(anonymous_8)
DA:1,1
DA:6,3
DA:10,3
DA:12,3
DA:16,0
DA:24,3
DA:28,3
DA:30,3
DA:39,3
DA:40,3
DA:43,0
DA:49,1
DA:55,1
LF:13
LH:11
BRF:0
BRH:0
end_of_record
